classroom/proguard-rules.pro
# Add project specific ProGuard rules here.
# You can control the set of applied configuration files using the
# proguardFiles setting in build.gradle.
#
# For more details, see
#   http://developer.android.com/guide/developing/tools/proguard.html

# If your project uses WebView with JS, uncomment the following
# and specify the fully qualified class name to the JavaScript interface
# class:
#-keepclassmembers class fqcn.of.javascript.interface.for.webview {
#   public *;
#}

# Uncomment this to preserve the line number information for
# debugging stack traces.
#-keepattributes SourceFile,LineNumberTable

# If you keep the line number information, uncomment this to
# hide the original source file name.
#-renamesourcefileattribute SourceFile
# 代码混淆压缩比，在0~7之间，默认为5，一般不做修改
-optimizationpasses 5

# 混合时不使用大小写混合，混合后的类名为小写
-dontusemixedcaseclassnames

# 指定不去忽略非公共库的类
-dontskipnonpubliclibraryclasses

# 指定不去忽略非公共库的类成员
-dontskipnonpubliclibraryclassmembers

# 这句话能够使我们的项目混淆后产生映射文件
# 包含有类名->混淆后类名的映射关系
-verbose

# 不做预校验，preverify是proguard的四个步骤之一，Android不需要preverify，去掉这一步能够加快混淆速度。
-dontpreverify

# 保留Annotation不混淆 这在JSON实体映射时非常重要，比如fastJson
-keepattributes *Annotation*,InnerClasses

# 避免混淆泛型
-keepattributes Signature

# 抛出异常时保留代码行号
-keepattributes SourceFile,LineNumberTable

# 指定混淆是采用的算法，后面的参数是一个过滤器
# 这个过滤器是谷歌推荐的算法，一般不做更改
-optimizations !code/simplification/cast,!field/*,!class/merging/*

# 忽略警告
-ignorewarnings

# 设置是否允许改变作用域
-allowaccessmodification

# 把混淆类中的方法名也混淆了
-useuniqueclassmembernames

# apk 包内所有 class 的内部结构
-dump class_files.txt

# 未混淆的类和成员
-printseeds seeds_txt

# 列出从apk中删除的代码
-printusage unused.txt

# 混淆前后的映射
-printmapping mapping.txt

-keep public class * extends android.app.Activity
-keep public class * extends android.app.Application
-keep public class * extends android.app.Service
-keep public class * extends android.content.BroadcastReceiver
-keep public class * extends android.content.ContentProvider
-keep public class * extends android.app.backup.BackupAgent
-keep public class * extends android.preference.Preference
-keep public class * extends android.support.v4.app.Fragment
-keep public class * extends android.app.Fragment
-keep public class * extends android.view.View


-keep class com.xingwang.classroom.bean.* {*;}

#GSYVideoPlayer
-keep class com.shuyu.gsyvideoplayer.video.* { *; }
-dontwarn com.shuyu.gsyvideoplayer.video.**
-keep class com.shuyu.gsyvideoplayer.video.base.* { *; }
-dontwarn com.shuyu.gsyvideoplayer.video.base.**
-keep class com.shuyu.gsyvideoplayer.utils.* { *; }
-dontwarn com.shuyu.gsyvideoplayer.utils.**
-keep class tv.danmaku.ijk.* { *; }
-dontwarn tv.danmaku.ijk.**

-keep class com.xingwang.classroom.*{*; }

-keep public class * extends android.view.View{
    *** get*();
    void set*(***);
    public <init>(android.content.Context);
    public <init>(android.content.Context, android.util.AttributeSet);
    public <init>(android.content.Context, android.util.AttributeSet, int);
}
# 混淆坑
-keepattributes Exceptions,InnerClasses,Signature,Deprecated,SourceFile,LineNumberTable,Annotation,EnclosingMethod,MethodParameters
-keep class **.R$* {
*;
}


-keep class com.tencent.smtt.export.external.*{
    *;
}

-keep class com.tencent.tbs.video.interfaces.IUserStateChangedListener {
	*;
}

-keep class com.tencent.smtt.sdk.CacheManager {
	public *;
}

-keep class com.tencent.smtt.sdk.CookieManager {
	public *;
}

-keep class com.tencent.smtt.sdk.WebHistoryItem {
 	public *;
 }

-keep class com.tencent.smtt.sdk.WebViewDatabase {
	public *;
}

-keep class com.tencent.smtt.sdk.WebBackForwardList {
	public *;
}

-keep public class com.tencent.smtt.sdk.WebView {
	public <fields>;
	public <methods>;
}

-keep public class com.tencent.smtt.sdk.WebView$HitTestResult {
	public static final <fields>;
	public java.lang.String getExtra();
	public int getType();
}

-keep public class com.tencent.smtt.sdk.WebView$WebViewTransport {
	public <methods>;
}

-keep public class com.tencent.smtt.sdk.WebView$PictureListener {
	public <fields>;
	public <methods>;
}


-keepattributes InnerClasses

-keep public enum com.tencent.smtt.sdk.WebSettings$** {
    *;
}

-keep public enum com.tencent.smtt.sdk.QbSdk$** {
    *;
}

-keep public class com.tencent.smtt.sdk.WebSettings {
    public *;
}


-keepattributes Signature
-keep public class com.tencent.smtt.sdk.ValueCallback {
	public <fields>;
	public <methods>;
}

-keep public class com.tencent.smtt.sdk.WebViewClient {
	public <fields>;
	public <methods>;
}

-keep public class com.tencent.smtt.sdk.DownloadListener {
	public <fields>;
	public <methods>;
}

-keep public class com.tencent.smtt.sdk.WebChromeClient {
	public <fields>;
	public <methods>;
}

-keep public class com.tencent.smtt.sdk.WebChromeClient$FileChooserParams {
	public <fields>;
	public <methods>;
}

-keep class com.tencent.smtt.sdk.SystemWebChromeClient{
	public *;
}
# 1. extension interfaces should be apparent
-keep public class com.tencent.smtt.export.external.extension.interfaces.* {
	public protected *;
}

# 2. interfaces should be apparent
-keep public class com.tencent.smtt.export.external.interfaces.* {
	public protected *;
}

-keep public class com.tencent.smtt.sdk.WebViewCallbackClient {
	public protected *;
}

-keep public class com.tencent.smtt.sdk.WebStorage$QuotaUpdater {
	public <fields>;
	public <methods>;
}

-keep public class com.tencent.smtt.sdk.WebIconDatabase {
	public <fields>;
	public <methods>;
}

-keep public class com.tencent.smtt.sdk.WebStorage {
	public <fields>;
	public <methods>;
}

-keep public class com.tencent.smtt.sdk.DownloadListener {
	public <fields>;
	public <methods>;
}

-keep public class com.tencent.smtt.sdk.QbSdk {
	public <fields>;
	public <methods>;
}

-keep public class com.tencent.smtt.sdk.QbSdk$PreInitCallback {
	public <fields>;
	public <methods>;
}
-keep public class com.tencent.smtt.sdk.CookieSyncManager {
	public <fields>;
	public <methods>;
}

-keep public class com.tencent.smtt.sdk.Tbs* {
	public <fields>;
	public <methods>;
}

-keep public class com.tencent.smtt.utils.LogFileUtils {
	public <fields>;
	public <methods>;
}

-keep public class com.tencent.smtt.utils.TbsLog {
	public <fields>;
	public <methods>;
}

-keep public class com.tencent.smtt.utils.TbsLogClient {
	public <fields>;
	public <methods>;
}

-keep public class com.tencent.smtt.sdk.CookieSyncManager {
	public <fields>;
	public <methods>;
}

# Added for game demos
-keep public class com.tencent.smtt.sdk.TBSGamePlayer {
	public <fields>;
	public <methods>;
}

-keep public class com.tencent.smtt.sdk.TBSGamePlayerClient* {
	public <fields>;
	public <methods>;
}

-keep public class com.tencent.smtt.sdk.TBSGamePlayerClientExtension {
	public <fields>;
	public <methods>;
}

-keep public class com.tencent.smtt.sdk.TBSGamePlayerService* {
	public <fields>;
	public <methods>;
}

-keep public class com.tencent.smtt.utils.Apn {
	public <fields>;
	public <methods>;
}
-keep class com.tencent.smtt.* {
	*;
}
# end


-keep public class com.tencent.smtt.export.external.extension.proxy.ProxyWebViewClientExtension {
	public <fields>;
	public <methods>;
}

-keep class MTT.ThirdAppInfoNew {
	*;
}

-keep class com.tencent.mtt.MttTraceEvent {
	*;
}

# Game related
-keep public class com.tencent.smtt.gamesdk.* {
	public protected *;
}

-keep public class com.tencent.smtt.sdk.TBSGameBooter {
        public <fields>;
        public <methods>;
}

-keep public class com.tencent.smtt.sdk.TBSGameBaseActivity {
	public protected *;
}

-keep public class com.tencent.smtt.sdk.TBSGameBaseActivityProxy {
	public protected *;
}

-keep public class com.tencent.smtt.gamesdk.internal.TBSGameServiceClient {
	public *;
}
#---------------------------------------------------------------------------


#------------------  下方是android平台自带的排除项，这里不要动         ----------------

-keep public class * extends android.app.Activity{
	public <fields>;
	public <methods>;
}

-keep public class * extends android.app.Service
-keep public class * extends android.content.BroadcastReceiver
-keep public class * extends android.content.ContentProvider
-keep public class * extends android.app.backup.BackupAgentHelper
-keep public class * extends android.preference.Preference

-keepclassmembers enum * {
    public static **[] values();
    public static ** valueOf(java.lang.String);
}

-keepclasseswithmembers class * {
	public <init>(android.content.Context, android.util.AttributeSet);
}

-keepclasseswithmembers class * {
	public <init>(android.content.Context, android.util.AttributeSet, int);
}

-keepattributes *Annotation*

-keepclasseswithmembernames class *{
	native <methods>;
}

-keep class * implements android.os.Parcelable {
  public static final android.os.Parcelable$Creator *;
}

#------------------  下方是共性的排除项目         ----------------
# 方法名中含有“JNI”字符的，认定是Java Native Interface方法，自动排除
# 方法名中含有“JRI”字符的，认定是Java Reflection Interface方法，自动排除

-keepclasseswithmembers class * {
    ... *JNI*(...);
}

-keepclasseswithmembernames class * {
	... *JRI*(...);
}

-keep class **JNI* {*;}
#图表
-keep class com.github.mikephil.charting.* { *; }