classroom/build/outputs/mapping/release/mapping.txt
# compiler: R8
# compiler_version: 1.5.68
# pg_map_id: 29330db
com.xingwang.classroom.ClassRoomLibUtils -> com.xingwang.classroom.a:
    void startDetailActivity(android.content.Context,int) -> a
com.xingwang.classroom.adapter.BaseLoadMoreAdapter -> com.xingwang.classroom.b.a:
    java.util.List mDatas -> b
    com.xingwang.classroom.adapter.BaseLoadMoreAdapter$OnItemClickListener mOnItemClickListener -> c
    int loadState -> a
    int getViewLayout(int) -> a
    void onBaseBindViewHolder(android.support.v7.widget.RecyclerView$ViewHolder,int) -> a
    android.support.v7.widget.RecyclerView$ViewHolder onBaseCreateViewHolder(android.view.View,int) -> a
    void setOnItemClickListener(com.xingwang.classroom.adapter.BaseLoadMoreAdapter$OnItemClickListener) -> a
    void setLoadStateNoNotify(int) -> b
com.xingwang.classroom.adapter.BaseLoadMoreAdapter$OnItemClickListener -> com.xingwang.classroom.b.a$a:
    void onItemClick(android.view.View,int) -> a
com.xingwang.classroom.adapter.CommentDetailAdapter -> com.xingwang.classroom.b.b:
    android.app.Activity activity -> f
    boolean isShowAnimator -> j
    com.xingwang.classroom.adapter.CommentDetailAdapter$OnClickDetailItemListener mOnClickDetailItem -> d
    int mWidth -> h
    int mHeight -> i
    boolean isClickAvatar -> g
    int curId -> e
    boolean access$002(com.xingwang.classroom.adapter.CommentDetailAdapter,boolean) -> a
    android.app.Activity access$100(com.xingwang.classroom.adapter.CommentDetailAdapter) -> a
    android.text.SpannableString getSpannableStr(android.content.Context,com.xingwang.classroom.bean.CommentBean$DataBean$CommentsBean) -> a
    int getViewLayout(int) -> a
    void lambda$onBaseBindViewHolder$0(int,android.view.View) -> a
    void lambda$onBaseBindViewHolder$3(android.view.View) -> a
    void onBaseBindViewHolder(android.support.v7.widget.RecyclerView$ViewHolder,int) -> a
    android.support.v7.widget.RecyclerView$ViewHolder onBaseCreateViewHolder(android.view.View,int) -> a
    void setOnDetailItemListener(com.xingwang.classroom.adapter.CommentDetailAdapter$OnClickDetailItemListener) -> a
    void lambda$onBaseBindViewHolder$1(int,android.view.View) -> b
    void lambda$onBaseBindViewHolder$2(int,android.view.View) -> c
    void lambda$onBaseBindViewHolder$4(int,android.view.View) -> d
com.xingwang.classroom.adapter.CommentDetailAdapter$BaseViewHolder -> com.xingwang.classroom.b.b$a:
    android.widget.RelativeLayout rlGov -> h
    android.widget.TextView tvName -> a
    android.widget.ImageView ivSendComment -> f
    android.widget.TextView tvContent -> c
    android.widget.TextView tvDatetime -> b
    android.widget.TextView tvBack -> d
    android.widget.LinearLayout llRoot -> i
    android.widget.LinearLayout llVip -> g
    android.widget.ImageView ivContent -> e
    com.xingwang.classroom.view.CircularImage ivAvatar -> j
com.xingwang.classroom.adapter.CommentDetailAdapter$MyCheckTextView -> com.xingwang.classroom.b.b$b:
    android.content.Context context -> a
    com.xingwang.classroom.adapter.CommentDetailAdapter this$0 -> c
    int clickId -> b
com.xingwang.classroom.adapter.CommentDetailAdapter$OnClickDetailItemListener -> com.xingwang.classroom.b.b$c:
    void onClickItem(int,int,int) -> a